<?xml version="1.0" encoding="UTF-8"?>
<testsuite name="com.bestswlkh0310.album.AlbumApplicationTests" tests="1" skipped="0" failures="0" errors="0" timestamp="2023-07-24T03:41:28" hostname="23s071.local" time="0.143">
  <properties/>
  <testcase name="updateTodoChecked()" classname="com.bestswlkh0310.album.AlbumApplicationTests" time="0.143"/>
  <system-out><![CDATA[12:41:25.601 [Test worker] DEBUG org.springframework.test.context.BootstrapUtils - Instantiating CacheAwareContextLoaderDelegate from class [org.springframework.test.context.cache.DefaultCacheAwareContextLoaderDelegate]
12:41:25.606 [Test worker] DEBUG org.springframework.test.context.BootstrapUtils - Instantiating BootstrapContext using constructor [public org.springframework.test.context.support.DefaultBootstrapContext(java.lang.Class,org.springframework.test.context.CacheAwareContextLoaderDelegate)]
12:41:25.625 [Test worker] DEBUG org.springframework.test.context.BootstrapUtils - Instantiating TestContextBootstrapper for test class [com.bestswlkh0310.album.AlbumApplicationTests] from class [org.springframework.boot.test.context.SpringBootTestContextBootstrapper]
12:41:25.630 [Test worker] INFO org.springframework.boot.test.context.SpringBootTestContextBootstrapper - Neither @ContextConfiguration nor @ContextHierarchy found for test class [com.bestswlkh0310.album.AlbumApplicationTests], using SpringBootContextLoader
12:41:25.632 [Test worker] DEBUG org.springframework.test.context.support.AbstractContextLoader - Did not detect default resource location for test class [com.bestswlkh0310.album.AlbumApplicationTests]: class path resource [com/bestswlkh0310/album/AlbumApplicationTests-context.xml] does not exist
12:41:25.632 [Test worker] DEBUG org.springframework.test.context.support.AbstractContextLoader - Did not detect default resource location for test class [com.bestswlkh0310.album.AlbumApplicationTests]: class path resource [com/bestswlkh0310/album/AlbumApplicationTestsContext.groovy] does not exist
12:41:25.632 [Test worker] INFO org.springframework.test.context.support.AbstractContextLoader - Could not detect default resource locations for test class [com.bestswlkh0310.album.AlbumApplicationTests]: no resource found for suffixes {-context.xml, Context.groovy}.
12:41:25.632 [Test worker] INFO org.springframework.test.context.support.AnnotationConfigContextLoaderUtils - Could not detect default configuration classes for test class [com.bestswlkh0310.album.AlbumApplicationTests]: AlbumApplicationTests does not declare any static, non-private, non-final, nested classes annotated with @Configuration.
12:41:25.653 [Test worker] DEBUG org.springframework.test.context.support.ActiveProfilesUtils - Could not find an 'annotation declaring class' for annotation type [org.springframework.test.context.ActiveProfiles] and class [com.bestswlkh0310.album.AlbumApplicationTests]
12:41:25.681 [Test worker] DEBUG org.springframework.context.annotation.ClassPathScanningCandidateComponentProvider - Identified candidate component class: file [/Users/dgsw8th71/Desktop/SERVER/album/build/classes/java/main/com/bestswlkh0310/album/AlbumApplication.class]
12:41:25.681 [Test worker] INFO org.springframework.boot.test.context.SpringBootTestContextBootstrapper - Found @SpringBootConfiguration com.bestswlkh0310.album.AlbumApplication for test class com.bestswlkh0310.album.AlbumApplicationTests
12:41:25.725 [Test worker] DEBUG org.springframework.boot.test.context.SpringBootTestContextBootstrapper - @TestExecutionListeners is not present for class [com.bestswlkh0310.album.AlbumApplicationTests]: using defaults.
12:41:25.725 [Test worker] INFO org.springframework.boot.test.context.SpringBootTestContextBootstrapper - Loaded default TestExecutionListener class names from location [META-INF/spring.factories]: [org.springframework.security.test.context.support.WithSecurityContextTestExecutionListener, org.springframework.security.test.context.support.ReactorContextTestExecutionListener, org.springframework.boot.test.autoconfigure.restdocs.RestDocsTestExecutionListener, org.springframework.boot.test.autoconfigure.web.client.MockRestServiceServerResetTestExecutionListener, org.springframework.boot.test.autoconfigure.web.servlet.MockMvcPrintOnlyOnFailureTestExecutionListener, org.springframework.boot.test.autoconfigure.web.servlet.WebDriverTestExecutionListener, org.springframework.boot.test.autoconfigure.webservices.client.MockWebServiceServerTestExecutionListener, org.springframework.boot.test.mock.mockito.MockitoTestExecutionListener, org.springframework.boot.test.mock.mockito.ResetMocksTestExecutionListener, org.springframework.test.context.web.ServletTestExecutionListener, org.springframework.test.context.support.DirtiesContextBeforeModesTestExecutionListener, org.springframework.test.context.event.ApplicationEventsTestExecutionListener, org.springframework.test.context.support.DependencyInjectionTestExecutionListener, org.springframework.test.context.support.DirtiesContextTestExecutionListener, org.springframework.test.context.transaction.TransactionalTestExecutionListener, org.springframework.test.context.jdbc.SqlScriptsTestExecutionListener, org.springframework.test.context.event.EventPublishingTestExecutionListener]
12:41:25.733 [Test worker] INFO org.springframework.boot.test.context.SpringBootTestContextBootstrapper - Using TestExecutionListeners: [org.springframework.test.context.web.ServletTestExecutionListener@4baf352a, org.springframework.test.context.support.DirtiesContextBeforeModesTestExecutionListener@1bb1fde8, org.springframework.test.context.event.ApplicationEventsTestExecutionListener@15eebbff, org.springframework.boot.test.mock.mockito.MockitoTestExecutionListener@22d6f11, org.springframework.boot.test.autoconfigure.SpringBootDependencyInjectionTestExecutionListener@30990c1b, org.springframework.test.context.support.DirtiesContextTestExecutionListener@2453f95d, org.springframework.test.context.transaction.TransactionalTestExecutionListener@44828f6b, org.springframework.test.context.jdbc.SqlScriptsTestExecutionListener@2dbe250d, org.springframework.security.test.context.support.WithSecurityContextTestExecutionListener@553f1d75, org.springframework.test.context.event.EventPublishingTestExecutionListener@6e1d8f9e, org.springframework.security.test.context.support.ReactorContextTestExecutionListener@3e34ace1, org.springframework.boot.test.autoconfigure.restdocs.RestDocsTestExecutionListener@62fe6067, org.springframework.boot.test.autoconfigure.web.client.MockRestServiceServerResetTestExecutionListener@4f071df8, org.springframework.boot.test.autoconfigure.web.servlet.MockMvcPrintOnlyOnFailureTestExecutionListener@4de41af9, org.springframework.boot.test.autoconfigure.web.servlet.WebDriverTestExecutionListener@56ace400, org.springframework.boot.test.autoconfigure.webservices.client.MockWebServiceServerTestExecutionListener@47404bea, org.springframework.boot.test.mock.mockito.ResetMocksTestExecutionListener@305f7627]
12:41:25.735 [Test worker] DEBUG org.springframework.test.context.support.AbstractDirtiesContextTestExecutionListener - Before test class: context [DefaultTestContext@2611b9a3 testClass = AlbumApplicationTests, testInstance = [null], testMethod = [null], testException = [null], mergedContextConfiguration = [WebMergedContextConfiguration@54227100 testClass = AlbumApplicationTests, locations = '{}', classes = '{class com.bestswlkh0310.album.AlbumApplication}', contextInitializerClasses = '[]', activeProfiles = '{}', propertySourceLocations = '{}', propertySourceProperties = '{org.springframework.boot.test.context.SpringBootTestContextBootstrapper=true}', contextCustomizers = set[org.springframework.boot.test.autoconfigure.actuate.metrics.MetricsExportContextCustomizerFactory$DisableMetricExportContextCustomizer@26ceffa8, org.springframework.boot.test.autoconfigure.properties.PropertyMappingContextCustomizer@0, org.springframework.boot.test.autoconfigure.web.servlet.WebDriverContextCustomizerFactory$Customizer@7a362b6b, org.springframework.boot.test.context.filter.ExcludeFilterContextCustomizer@512baff6, org.springframework.boot.test.json.DuplicateJsonObjectContextCustomizerFactory$DuplicateJsonObjectContextCustomizer@10a9d961, org.springframework.boot.test.mock.mockito.MockitoContextCustomizer@0, org.springframework.boot.test.web.client.TestRestTemplateContextCustomizer@1603cd68, org.springframework.boot.test.context.SpringBootTestArgs@1, org.springframework.boot.test.context.SpringBootTestWebEnvironment@17a7f733], resourceBasePath = 'src/main/webapp', contextLoader = 'org.springframework.boot.test.context.SpringBootContextLoader', parent = [null]], attributes = map['org.springframework.test.context.web.ServletTestExecutionListener.activateListener' -> true]], class annotated with @DirtiesContext [false] with mode [null].

  .   ____          _            __ _ _
 /\\ / ___'_ __ _ _(_)_ __  __ _ \ \ \ \
( ( )\___ | '_ | '_| | '_ \/ _` | \ \ \ \
 \\/  ___)| |_)| | | | | || (_| |  ) ) ) )
  '  |____| .__|_| |_|_| |_\__, | / / / /
 =========|_|==============|___/=/_/_/_/
 :: Spring Boot ::                (v2.7.3)

2023-07-24 12:41:25.903  INFO 7769 --- [    Test worker] c.b.album.AlbumApplicationTests          : Starting AlbumApplicationTests using Java 17.0.5 on 23s071.local with PID 7769 (started by dgsw8th71 in /Users/dgsw8th71/Desktop/SERVER/album)
2023-07-24 12:41:25.904  INFO 7769 --- [    Test worker] c.b.album.AlbumApplicationTests          : No active profile set, falling back to 1 default profile: "default"
2023-07-24 12:41:26.240  INFO 7769 --- [    Test worker] .s.d.r.c.RepositoryConfigurationDelegate : Bootstrapping Spring Data JPA repositories in DEFAULT mode.
2023-07-24 12:41:26.267  INFO 7769 --- [    Test worker] .s.d.r.c.RepositoryConfigurationDelegate : Finished Spring Data repository scanning in 22 ms. Found 2 JPA repository interfaces.
2023-07-24 12:41:26.540  INFO 7769 --- [    Test worker] o.hibernate.jpa.internal.util.LogHelper  : HHH000204: Processing PersistenceUnitInfo [name: default]
2023-07-24 12:41:26.566  INFO 7769 --- [    Test worker] org.hibernate.Version                    : HHH000412: Hibernate ORM core version 5.6.10.Final
2023-07-24 12:41:26.651  INFO 7769 --- [    Test worker] o.hibernate.annotations.common.Version   : HCANN000001: Hibernate Commons Annotations {5.1.2.Final}
2023-07-24 12:41:26.705  INFO 7769 --- [    Test worker] com.zaxxer.hikari.HikariDataSource       : HikariPool-1 - Starting...
2023-07-24 12:41:26.897  INFO 7769 --- [    Test worker] com.zaxxer.hikari.HikariDataSource       : HikariPool-1 - Start completed.
2023-07-24 12:41:26.913  INFO 7769 --- [    Test worker] org.hibernate.dialect.Dialect            : HHH000400: Using dialect: org.hibernate.dialect.MySQL8Dialect
2023-07-24 12:41:27.245  INFO 7769 --- [    Test worker] o.h.e.t.j.p.i.JtaPlatformInitiator       : HHH000490: Using JtaPlatform implementation: [org.hibernate.engine.transaction.jta.platform.internal.NoJtaPlatform]
2023-07-24 12:41:27.250  INFO 7769 --- [    Test worker] j.LocalContainerEntityManagerFactoryBean : Initialized JPA EntityManagerFactory for persistence unit 'default'
2023-07-24 12:41:27.610  INFO 7769 --- [    Test worker] o.s.s.web.DefaultSecurityFilterChain     : Will secure any request with [org.springframework.security.web.session.DisableEncodeUrlFilter@4154ecd3, org.springframework.security.web.context.request.async.WebAsyncManagerIntegrationFilter@b53ce18, org.springframework.security.web.context.SecurityContextPersistenceFilter@46eb2260, org.springframework.security.web.header.HeaderWriterFilter@341df373, org.springframework.security.web.authentication.logout.LogoutFilter@377cbdae, org.springframework.security.web.savedrequest.RequestCacheAwareFilter@7e017f47, org.springframework.security.web.servletapi.SecurityContextHolderAwareRequestFilter@6166aac5, org.springframework.security.web.authentication.AnonymousAuthenticationFilter@2a666c8e, org.springframework.security.web.session.SessionManagementFilter@1107c465, org.springframework.security.web.access.ExceptionTranslationFilter@606f0f70, org.springframework.security.web.access.intercept.FilterSecurityInterceptor@2087c939]
2023-07-24 12:41:27.740  WARN 7769 --- [    Test worker] JpaBaseConfiguration$JpaWebConfiguration : spring.jpa.open-in-view is enabled by default. Therefore, database queries may be performed during view rendering. Explicitly configure spring.jpa.open-in-view to disable this warning
2023-07-24 12:41:28.056  INFO 7769 --- [    Test worker] c.b.album.AlbumApplicationTests          : Started AlbumApplicationTests in 2.303 seconds (JVM running for 2.882)
Hibernate: select todo0_.idx as idx1_0_0_, todo0_.content as content2_0_0_, todo0_.created_time as created_3_0_0_, todo0_.dead_time as dead_tim4_0_0_, todo0_.done as done5_0_0_, todo0_.title as title6_0_0_ from todo todo0_ where todo0_.idx=?
Hibernate: update todo set content=?, created_time=?, dead_time=?, done=?, title=? where idx=?
Hibernate: select todo0_.idx as idx1_0_0_, todo0_.content as content2_0_0_, todo0_.created_time as created_3_0_0_, todo0_.dead_time as dead_tim4_0_0_, todo0_.done as done5_0_0_, todo0_.title as title6_0_0_ from todo todo0_ where todo0_.idx=?
Todo(idx=4, title=ad, content=asdsa, deadTime=2023-07-24, createdTime=2023-07-24, done=false)
]]></system-out>
  <system-err><![CDATA[]]></system-err>
</testsuite>
